Using pre-set license
Built from '2020.3/staging' branch; Version is '2020.3.4f1 (0abb6314276a) revision 703331'; Using compiler version '192528614'; Build Type 'Release'
OS: 'Windows 10 Pro; OS build 19042.1288; Version 2009; 64bit' Language: 'tr' Physical Memory: 16269 MB
BatchMode: 1, IsHumanControllingUs: 0, StartBugReporterOnCrash: 0, Is64bit: 1, IsPro: 0

 COMMAND LINE ARGUMENTS:
C:\Users\monster\Desktop\unty\2020.3.4f1\Editor\Unity.exe
-adb2
-batchMode
-noUpm
-name
AssetImportWorker0
-projectPath
C:/unity/Light JUBP
-logFile
Logs/AssetImportWorker0.log
-srvPort
53000
Successfully changed project path to: C:/unity/Light JUBP
C:/unity/Light JUBP
Using Asset Import Pipeline V2.
Refreshing native plugins compatible for Editor in 55.07 ms, found 1 plugins.
Preloading 0 native plugins for Editor in 0.00 ms.
Initialize engine version: 2020.3.4f1 (0abb6314276a)
[Subsystems] Discovering subsystems at path C:/Users/monster/Desktop/unty/2020.3.4f1/Editor/Data/Resources/UnitySubsystems
[Subsystems] Discovering subsystems at path C:/unity/Light JUBP/Assets
GfxDevice: creating device client; threaded=0
Direct3D:
    Version:  Direct3D 11.0 [level 11.0]
    Renderer: NVIDIA GeForce GTX 950M (ID=0x139a)
    Vendor:   
    VRAM:     4055 MB
    Driver:   26.21.14.3648
Initialize mono
Mono path[0] = 'C:/Users/monster/Desktop/unty/2020.3.4f1/Editor/Data/Managed'
Mono path[1] = 'C:/Users/monster/Desktop/unty/2020.3.4f1/Editor/Data/MonoBleedingEdge/lib/mono/unityjit'
Mono config path = 'C:/Users/monster/Desktop/unty/2020.3.4f1/Editor/Data/MonoBleedingEdge/etc'
Using monoOptions --debugger-agent=transport=dt_socket,embedding=1,server=y,suspend=n,address=127.0.0.1:56332
Begin MonoManager ReloadAssembly
Registering precompiled unity dll's ...
Register platform support module: C:/Users/monster/Desktop/unty/2020.3.4f1/Editor/Data/PlaybackEngines/WindowsStandaloneSupport/UnityEditor.WindowsStandalone.Extensions.dll
Registered in 0.002564 seconds.
Native extension for WindowsStandalone target not found
Refreshing native plugins compatible for Editor in 50.62 ms, found 1 plugins.
Preloading 0 native plugins for Editor in 0.00 ms.
Mono: successfully reloaded assembly
- Completed reload, in  2.305 seconds
Platform modules already initialized, skipping
Registering precompiled user dll's ...
Registered in 0.001419 seconds.
Begin MonoManager ReloadAssembly
Native extension for WindowsStandalone target not found
Refreshing native plugins compatible for Editor in 53.54 ms, found 1 plugins.
Preloading 0 native plugins for Editor in 0.00 ms.
Mono: successfully reloaded assembly
- Completed reload, in  1.179 seconds
Platform modules already initialized, skipping
========================================================================
Worker process is ready to serve import requests
Launched and connected shader compiler UnityShaderCompiler.exe after 0.06 seconds
Refreshing native plugins compatible for Editor in 0.46 ms, found 1 plugins.
Preloading 0 native plugins for Editor in 0.00 ms.
Unloading 2099 Unused Serialized files (Serialized files now loaded: 0)
System memory in use before: 100.7 MB.
System memory in use after: 100.7 MB.

Unloading 25 unused Assets to reduce memory usage. Loaded Objects now: 2544.
Total: 2.409400 ms (FindLiveObjects: 0.240400 ms CreateObjectMapping: 0.094900 ms MarkObjects: 1.761200 ms  DeleteObjects: 0.311700 ms)

========================================================================
Received Import Request.
  path: Assets/Scenes/AYARLARMENBU.unity
  artifactKey: Guid(196f3c5eb21977043ae630459229ebe5) Importer(815301076,1909f56bfc062723c751e8b465ee728b)
Start importing Assets/Scenes/AYARLARMENBU.unity using Guid(196f3c5eb21977043ae630459229ebe5) Importer(815301076,1909f56bfc062723c751e8b465ee728b)  -> (artifact id: '212b31fa84b9bbbcf62dbbbb2aee6e42') in 0.012716 seconds
  Import took 0.017367 seconds .

========================================================================
Received Import Request.
  Time since last request: 0.018031 seconds.
  path: Assets/Scenes/AYARLARMENBU.unity
  artifactKey: Guid(196f3c5eb21977043ae630459229ebe5) Importer(815301076,1909f56bfc062723c751e8b465ee728b)
Start importing Assets/Scenes/AYARLARMENBU.unity using Guid(196f3c5eb21977043ae630459229ebe5) Importer(815301076,1909f56bfc062723c751e8b465ee728b)  -> (artifact id: '212b31fa84b9bbbcf62dbbbb2aee6e42') in 0.003012 seconds
  Import took 0.007088 seconds .

========================================================================
Received Prepare
Registering precompiled user dll's ...
Registered in 0.001288 seconds.
Begin MonoManager ReloadAssembly
Native extension for WindowsStandalone target not found
Refreshing native plugins compatible for Editor in 0.44 ms, found 1 plugins.
Preloading 0 native plugins for Editor in 0.00 ms.
Mono: successfully reloaded assembly
- Completed reload, in  0.970 seconds
Platform modules already initialized, skipping
Switching build target platform(5) subTarget(0) extendedPlatform(0) -> platform(13) subTarget(537395200) extendedPlatform(0)
Refreshing native plugins compatible for Editor in 0.45 ms, found 1 plugins.
Preloading 0 native plugins for Editor in 0.00 ms.
Unloading 2055 Unused Serialized files (Serialized files now loaded: 0)
System memory in use before: 96.3 MB.
System memory in use after: 96.3 MB.

Unloading 13 unused Assets to reduce memory usage. Loaded Objects now: 2548.
Total: 2.926700 ms (FindLiveObjects: 0.535400 ms CreateObjectMapping: 0.262100 ms MarkObjects: 1.956500 ms  DeleteObjects: 0.171100 ms)

AssetImportParameters requested are different than current active one (requested -> active):
  custom:graphics/normal-map-encoding: 01000000000000000000000000000000 -> 02000000000000000000000000000000
AssetImportWorkerClient::OnTransportError - code=2 error=End of file
